<?xml version="1.0" encoding="UTF-8"?>
<!-- Generated by org.testng.reporters.JUnitReportReporter -->
<testsuite hostname="LAPTOP-V9DUL7Q0" failures="0" tests="1" name="testCases.PageObjectModelWithoutFindBy" time="9.379" errors="0" timestamp="2023-08-10T17:05:31 IST" skipped="0">
  <testcase classname="testCases.PageObjectModelWithoutFindBy" name="login" time="9.379"/>
</testsuite> <!-- testCases.PageObjectModelWithoutFindBy -->
