<?xml version="1.0" encoding="UTF-8"?>
<!-- Generated by org.testng.reporters.JUnitReportReporter -->
<testsuite hostname="LAPTOP-V9DUL7Q0" failures="0" tests="1" name="testCases.LoginPageTestCase" time="19.870" errors="0" timestamp="2023-08-10T15:23:45 IST" skipped="0">
  <testcase classname="testCases.LoginPageTestCase" name="login" time="19.870"/>
</testsuite> <!-- testCases.LoginPageTestCase -->
