<?xml version="1.0" encoding="UTF-8"?>
<!-- Generated by org.testng.reporters.JUnitReportReporter -->
<testsuite hostname="LAPTOP-V9DUL7Q0" failures="0" tests="1" name="testCases.LoginTestCaseFindBy" time="22.044" errors="0" timestamp="2023-08-10T15:54:06 IST" skipped="0">
  <testcase classname="testCases.LoginTestCaseFindBy" name="login" time="22.044"/>
</testsuite> <!-- testCases.LoginTestCaseFindBy -->
